<?xml version="1.0" encoding="UTF-8"?>
<!-- Generated by org.testng.reporters.JUnitReportReporter -->
<testsuite skipped="0" hostname="BLR1-LHP-N80937" name="com.datadrivenframework.HybridTestableClass" tests="1" failures="0" timestamp="2022-09-22T12:29:42 IST" time="4.694" errors="0">
  <testcase name="FB_creation" time="4.694" classname="com.datadrivenframework.HybridTestableClass"/>
  <system-out/>
</testsuite> <!-- com.datadrivenframework.HybridTestableClass -->
