<?xml version="1.0" encoding="UTF-8"?>
<!-- Generated by org.testng.reporters.JUnitReportReporter -->
<testsuite skipped="0" hostname="BLR1-LHP-N80937" name="org.assessment_week6_pom.copy.Pom_YourLogoTestable" tests="2" failures="0" timestamp="2022-10-19T15:22:24 IST" time="209.017" errors="0">
  <testcase name="test1" time="14.211" classname="org.assessment_week6_pom.copy.Pom_YourLogoTestable"/>
  <system-out/>
  <testcase name="test2" time="194.806" classname="org.assessment_week6_pom.copy.Pom_YourLogoTestable"/>
  <system-out/>
</testsuite> <!-- org.assessment_week6_pom.copy.Pom_YourLogoTestable -->
