<?xml version="1.0" encoding="UTF-8"?>
<!-- Generated by org.testng.reporters.JUnitReportReporter -->
<testsuite skipped="0" hostname="BLR1-LHP-N80937" name="com.assessment_week4.ExcelTestable" tests="1" failures="0" timestamp="2022-09-24T10:28:46 IST" time="11.250" errors="0">
  <testcase name="T1" time="11.250" classname="com.assessment_week4.ExcelTestable"/>
  <system-out/>
</testsuite> <!-- com.assessment_week4.ExcelTestable -->
