<?xml version="1.0" encoding="UTF-8"?>
<!-- Generated by org.testng.reporters.JUnitReportReporter -->
<testsuite hostname="BLR1-LHP-N80937" failures="0" tests="1" name="com.modularframework.ModularTestableClass" time="3.860" errors="0" timestamp="2022-09-21T16:03:13 IST" skipped="0">
  <testcase classname="com.modularframework.ModularTestableClass" name="t1" time="3.860"/>
  <system-out/>
</testsuite> <!-- com.modularframework.ModularTestableClass -->
