<?xml version="1.0" encoding="UTF-8"?>
<!-- Generated by org.testng.reporters.JUnitReportReporter -->
<testsuite hostname="BLR1-LHP-N80937" failures="0" tests="3" name="testng.Annotations" time="6.721" errors="0" timestamp="2022-09-21T13:43:14 IST" skipped="0">
  <testcase classname="testng.Annotations" name="f1" time="4.221"/>
  <system-out/>
  <testcase classname="testng.Annotations" name="f2" time="0.086"/>
  <system-out/>
  <testcase classname="testng.Annotations" name="f3" time="2.414"/>
  <system-out/>
</testsuite> <!-- testng.Annotations -->
