<?xml version="1.0" encoding="UTF-8"?>
<!-- Generated by org.testng.reporters.JUnitReportReporter -->
<testsuite skipped="0" hostname="BLR1-LHP-N80937" name="com.mavnassessment.ExcelTestable" tests="1" failures="0" timestamp="2022-09-23T16:52:23 IST" time="22.924" errors="0">
  <testcase name="T1" time="22.924" classname="com.mavnassessment.ExcelTestable"/>
  <system-out/>
</testsuite> <!-- com.mavnassessment.ExcelTestable -->
