<?xml version="1.0" encoding="UTF-8"?>
<!-- Generated by org.testng.reporters.JUnitReportReporter -->
<testsuite hostname="BLR1-LHP-N80937" failures="0" tests="1" name="com.pageObjectModel.POMTestable" time="0.425" errors="0" timestamp="2022-09-21T16:33:08 IST" skipped="0">
  <testcase classname="com.pageObjectModel.POMTestable" name="FB_Creation" time="0.425"/>
  <system-out/>
</testsuite> <!-- com.pageObjectModel.POMTestable -->
