<?xml version="1.0" encoding="UTF-8"?>
<!-- Generated by org.testng.reporters.JUnitReportReporter -->
<testsuite skipped="0" hostname="BLR1-LHP-N80937" name="com.assessment_week4_Hybrid.ExcelTestable" tests="1" failures="0" timestamp="2022-09-26T11:33:37 IST" time="30.423" errors="0">
  <testcase name="T1" time="30.423" classname="com.assessment_week4_Hybrid.ExcelTestable"/>
  <system-out/>
</testsuite> <!-- com.assessment_week4_Hybrid.ExcelTestable -->
