<?xml version="1.0" encoding="UTF-8"?>
<!-- Generated by org.testng.reporters.JUnitReportReporter -->
<testsuite skipped="0" hostname="BLR1-LHP-N80937" name="testng.ReadFromXml2" tests="2" failures="0" timestamp="2022-09-22T13:10:52 IST" time="4.327" errors="0">
  <testcase name="appOpen" time="4.143" classname="testng.ReadFromXml2"/>
  <system-out/>
  <testcase name="fb_creation" time="0.184" classname="testng.ReadFromXml2"/>
  <system-out/>
</testsuite> <!-- testng.ReadFromXml2 -->
