<?xml version="1.0" encoding="UTF-8"?>
<!-- Generated by org.testng.reporters.JUnitReportReporter -->
<testsuite hostname="BLR1-LHP-N80937" failures="0" tests="2" name="testng.NewTest" time="0.005" errors="0" timestamp="2023-06-23T14:47:56 IST" skipped="0">
  <testcase classname="testng.NewTest" name="f" time="0.003"/>
  <testcase classname="testng.NewTest" name="f2" time="0.002"/>
</testsuite> <!-- testng.NewTest -->
