<?xml version="1.0" encoding="UTF-8"?>
<!-- Generated by org.testng.reporters.JUnitReportReporter -->
<testsuite skipped="0" hostname="BLR1-LHP-N80937" name="com.capstone_week4_Hybrid.ExcelTestable" tests="1" failures="0" timestamp="2022-11-02T13:57:48 IST" time="222.902" errors="0">
  <testcase name="T2" time="222.902" classname="com.capstone_week4_Hybrid.ExcelTestable"/>
  <system-out/>
</testsuite> <!-- com.capstone_week4_Hybrid.ExcelTestable -->
