<?xml version="1.0" encoding="UTF-8"?>
<!-- Generated by org.testng.reporters.JUnitReportReporter -->
<testsuite skipped="0" hostname="BLR1-LHP-N80937" name="testng.BrowserFunctionTestng" tests="1" failures="0" timestamp="2022-09-22T11:29:53 IST" time="1.743" errors="0">
  <testcase name="userInput" time="1.743" classname="testng.BrowserFunctionTestng"/>
  <system-out/>
</testsuite> <!-- testng.BrowserFunctionTestng -->
